<?xml version="1.0" encoding="UTF-8"?>
<coverage generated="1533624207205" clover="3.2.0">
  <project timestamp="1533624207205" name="All files">
    <metrics statements="183" coveredstatements="100" conditionals="35" coveredconditionals="7" methods="82" coveredmethods="27" elements="300" coveredelements="134" complexity="0" loc="183" ncloc="183" packages="11" files="23" classes="23">
      <package name="Gym-app">
        <metrics statements="1" coveredstatements="1" conditionals="0" coveredconditionals="0" methods="0" coveredmethods="0"/>
        <file name="knexfile.js" path="/home/hameetsingh/eda/new/copy of gymapp/Gym-app/knexfile.js">
          <metrics statements="1" coveredstatements="1" conditionals="0" coveredconditionals="0" methods="0" coveredmethods="0"/>
          <line num="3" count="1" type="stmt"/>
        </file>
      </package>
      <package name="Gym-app.client.actions">
        <metrics statements="31" coveredstatements="7" conditionals="6" coveredconditionals="0" methods="17" coveredmethods="3"/>
        <file name="exerciseActions.js" path="/home/hameetsingh/eda/new/copy of gymapp/Gym-app/client/actions/exerciseActions.js">
          <metrics statements="8" coveredstatements="5" conditionals="0" coveredconditionals="0" methods="4" coveredmethods="1"/>
          <line num="1" count="2" type="stmt"/>
          <line num="2" count="1" type="stmt"/>
          <line num="8" count="2" type="stmt"/>
          <line num="9" count="0" type="stmt"/>
          <line num="15" count="2" type="stmt"/>
          <line num="16" count="0" type="stmt"/>
          <line num="22" count="2" type="stmt"/>
          <line num="23" count="0" type="stmt"/>
        </file>
        <file name="exercises.js" path="/home/hameetsingh/eda/new/copy of gymapp/Gym-app/client/actions/exercises.js">
          <metrics statements="23" coveredstatements="2" conditionals="6" coveredconditionals="0" methods="13" coveredmethods="2"/>
          <line num="7" count="1" type="stmt"/>
          <line num="8" count="1" type="stmt"/>
          <line num="11" count="0" type="stmt"/>
          <line num="14" count="0" type="stmt"/>
          <line num="21" count="0" type="stmt"/>
          <line num="22" count="0" type="stmt"/>
          <line num="26" count="0" type="cond" truecount="0" falsecount="2"/>
          <line num="27" count="0" type="stmt"/>
          <line num="28" count="0" type="stmt"/>
          <line num="30" count="0" type="stmt"/>
          <line num="36" count="0" type="stmt"/>
          <line num="37" count="0" type="stmt"/>
          <line num="38" count="0" type="stmt"/>
          <line num="40" count="0" type="cond" truecount="0" falsecount="2"/>
          <line num="41" count="0" type="stmt"/>
          <line num="42" count="0" type="stmt"/>
          <line num="44" count="0" type="stmt"/>
          <line num="51" count="0" type="stmt"/>
          <line num="52" count="0" type="stmt"/>
          <line num="55" count="0" type="cond" truecount="0" falsecount="2"/>
          <line num="56" count="0" type="stmt"/>
          <line num="57" count="0" type="stmt"/>
          <line num="59" count="0" type="stmt"/>
        </file>
      </package>
      <package name="Gym-app.client.components">
        <metrics statements="53" coveredstatements="5" conditionals="12" coveredconditionals="0" methods="31" coveredmethods="0"/>
        <file name="About.jsx" path="/home/hameetsingh/eda/new/copy of gymapp/Gym-app/client/components/About.jsx">
          <metrics statements="1" coveredstatements="0" conditionals="0" coveredconditionals="0" methods="1" coveredmethods="0"/>
          <line num="7" count="0" type="stmt"/>
        </file>
        <file name="App.jsx" path="/home/hameetsingh/eda/new/copy of gymapp/Gym-app/client/components/App.jsx">
          <metrics statements="7" coveredstatements="0" conditionals="4" coveredconditionals="0" methods="6" coveredmethods="0"/>
          <line num="16" count="0" type="stmt"/>
          <line num="17" count="0" type="stmt"/>
          <line num="23" count="0" type="stmt"/>
          <line num="27" count="0" type="stmt"/>
          <line num="31" count="0" type="stmt"/>
          <line num="37" count="0" type="cond" truecount="0" falsecount="2"/>
          <line num="41" count="0" type="stmt"/>
        </file>
        <file name="CreateExercise.jsx" path="/home/hameetsingh/eda/new/copy of gymapp/Gym-app/client/components/CreateExercise.jsx">
          <metrics statements="10" coveredstatements="1" conditionals="0" coveredconditionals="0" methods="5" coveredmethods="0"/>
          <line num="8" count="0" type="stmt"/>
          <line num="9" count="0" type="stmt"/>
          <line num="15" count="0" type="stmt"/>
          <line num="16" count="0" type="stmt"/>
          <line num="17" count="0" type="stmt"/>
          <line num="23" count="0" type="stmt"/>
          <line num="24" count="0" type="stmt"/>
          <line num="29" count="0" type="stmt"/>
          <line num="71" count="1" type="stmt"/>
          <line num="72" count="0" type="stmt"/>
        </file>
        <file name="EditExercise.jsx" path="/home/hameetsingh/eda/new/copy of gymapp/Gym-app/client/components/EditExercise.jsx">
          <metrics statements="13" coveredstatements="1" conditionals="0" coveredconditionals="0" methods="5" coveredmethods="0"/>
          <line num="8" count="0" type="stmt"/>
          <line num="9" count="0" type="stmt"/>
          <line num="15" count="0" type="stmt"/>
          <line num="16" count="0" type="stmt"/>
          <line num="17" count="0" type="stmt"/>
          <line num="20" count="0" type="stmt"/>
          <line num="21" count="0" type="stmt"/>
          <line num="22" count="0" type="stmt"/>
          <line num="23" count="0" type="stmt"/>
          <line num="26" count="0" type="stmt"/>
          <line num="27" count="0" type="stmt"/>
          <line num="61" count="1" type="stmt"/>
          <line num="62" count="0" type="stmt"/>
        </file>
        <file name="ExerciseList.jsx" path="/home/hameetsingh/eda/new/copy of gymapp/Gym-app/client/components/ExerciseList.jsx">
          <metrics statements="6" coveredstatements="1" conditionals="0" coveredconditionals="0" methods="4" coveredmethods="0"/>
          <line num="11" count="0" type="stmt"/>
          <line num="15" count="0" type="stmt"/>
          <line num="17" count="0" type="stmt"/>
          <line num="23" count="2" type="stmt"/>
          <line num="24" count="0" type="stmt"/>
          <line num="25" count="0" type="stmt"/>
        </file>
        <file name="ExercisePreview.jsx" path="/home/hameetsingh/eda/new/copy of gymapp/Gym-app/client/components/ExercisePreview.jsx">
          <metrics statements="2" coveredstatements="1" conditionals="0" coveredconditionals="0" methods="1" coveredmethods="0"/>
          <line num="5" count="2" type="stmt"/>
          <line num="6" count="0" type="stmt"/>
        </file>
        <file name="Header.jsx" path="/home/hameetsingh/eda/new/copy of gymapp/Gym-app/client/components/Header.jsx">
          <metrics statements="1" coveredstatements="0" conditionals="0" coveredconditionals="0" methods="1" coveredmethods="0"/>
          <line num="33" count="0" type="stmt"/>
        </file>
        <file name="Home.jsx" path="/home/hameetsingh/eda/new/copy of gymapp/Gym-app/client/components/Home.jsx">
          <metrics statements="1" coveredstatements="0" conditionals="0" coveredconditionals="0" methods="1" coveredmethods="0"/>
          <line num="8" count="0" type="stmt"/>
        </file>
        <file name="Single.jsx" path="/home/hameetsingh/eda/new/copy of gymapp/Gym-app/client/components/Single.jsx">
          <metrics statements="12" coveredstatements="1" conditionals="8" coveredconditionals="0" methods="7" coveredmethods="0"/>
          <line num="12" count="0" type="stmt"/>
          <line num="13" count="0" type="stmt"/>
          <line num="14" count="0" type="stmt"/>
          <line num="20" count="0" type="stmt"/>
          <line num="23" count="0" type="stmt"/>
          <line num="26" count="0" type="stmt"/>
          <line num="27" count="0" type="stmt"/>
          <line num="57" count="0" type="stmt"/>
          <line num="69" count="1" type="stmt"/>
          <line num="70" count="0" type="stmt"/>
          <line num="71" count="0" type="stmt"/>
          <line num="72" count="0" type="stmt"/>
        </file>
      </package>
      <package name="Gym-app.client.reducers">
        <metrics statements="6" coveredstatements="4" conditionals="5" coveredconditionals="3" methods="2" coveredmethods="1"/>
        <file name="exercises.js" path="/home/hameetsingh/eda/new/copy of gymapp/Gym-app/client/reducers/exercises.js">
          <metrics statements="6" coveredstatements="4" conditionals="5" coveredconditionals="3" methods="2" coveredmethods="1"/>
          <line num="2" count="2" type="stmt"/>
          <line num="3" count="2" type="cond" truecount="2" falsecount="2"/>
          <line num="5" count="1" type="stmt"/>
          <line num="7" count="0" type="stmt"/>
          <line num="9" count="0" type="stmt"/>
          <line num="11" count="1" type="stmt"/>
        </file>
      </package>
      <package name="Gym-app.migrations">
        <metrics statements="19" coveredstatements="17" conditionals="0" coveredconditionals="0" methods="6" coveredmethods="4"/>
        <file name="20180728110832_exercises.js" path="/home/hameetsingh/eda/new/copy of gymapp/Gym-app/migrations/20180728110832_exercises.js">
          <metrics statements="12" coveredstatements="11" conditionals="0" coveredconditionals="0" methods="3" coveredmethods="2"/>
          <line num="2" count="1" type="stmt"/>
          <line num="3" count="2" type="stmt"/>
          <line num="4" count="2" type="stmt"/>
          <line num="5" count="2" type="stmt"/>
          <line num="6" count="2" type="stmt"/>
          <line num="7" count="2" type="stmt"/>
          <line num="8" count="2" type="stmt"/>
          <line num="9" count="2" type="stmt"/>
          <line num="10" count="2" type="stmt"/>
          <line num="11" count="2" type="stmt"/>
          <line num="16" count="1" type="stmt"/>
          <line num="17" count="0" type="stmt"/>
        </file>
        <file name="20180802205412_plan.js" path="/home/hameetsingh/eda/new/copy of gymapp/Gym-app/migrations/20180802205412_plan.js">
          <metrics statements="7" coveredstatements="6" conditionals="0" coveredconditionals="0" methods="3" coveredmethods="2"/>
          <line num="2" count="1" type="stmt"/>
          <line num="3" count="2" type="stmt"/>
          <line num="4" count="2" type="stmt"/>
          <line num="5" count="2" type="stmt"/>
          <line num="6" count="2" type="stmt"/>
          <line num="10" count="1" type="stmt"/>
          <line num="11" count="0" type="stmt"/>
        </file>
      </package>
      <package name="Gym-app.seeds">
        <metrics statements="6" coveredstatements="6" conditionals="0" coveredconditionals="0" methods="4" coveredmethods="4"/>
        <file name="exercises.js" path="/home/hameetsingh/eda/new/copy of gymapp/Gym-app/seeds/exercises.js">
          <metrics statements="3" coveredstatements="3" conditionals="0" coveredconditionals="0" methods="2" coveredmethods="2"/>
          <line num="2" count="1" type="stmt"/>
          <line num="4" count="2" type="stmt"/>
          <line num="7" count="2" type="stmt"/>
        </file>
        <file name="plan.js" path="/home/hameetsingh/eda/new/copy of gymapp/Gym-app/seeds/plan.js">
          <metrics statements="3" coveredstatements="3" conditionals="0" coveredconditionals="0" methods="2" coveredmethods="2"/>
          <line num="2" count="1" type="stmt"/>
          <line num="4" count="2" type="stmt"/>
          <line num="7" count="2" type="stmt"/>
        </file>
      </package>
      <package name="Gym-app.server">
        <metrics statements="11" coveredstatements="11" conditionals="0" coveredconditionals="0" methods="0" coveredmethods="0"/>
        <file name="server.js" path="/home/hameetsingh/eda/new/copy of gymapp/Gym-app/server/server.js">
          <metrics statements="11" coveredstatements="11" conditionals="0" coveredconditionals="0" methods="0" coveredmethods="0"/>
          <line num="1" count="1" type="stmt"/>
          <line num="2" count="1" type="stmt"/>
          <line num="3" count="1" type="stmt"/>
          <line num="4" count="1" type="stmt"/>
          <line num="7" count="1" type="stmt"/>
          <line num="9" count="1" type="stmt"/>
          <line num="11" count="1" type="stmt"/>
          <line num="13" count="1" type="stmt"/>
          <line num="14" count="1" type="stmt"/>
          <line num="17" count="1" type="stmt"/>
          <line num="19" count="1" type="stmt"/>
        </file>
      </package>
      <package name="Gym-app.server.db">
        <metrics statements="18" coveredstatements="15" conditionals="12" coveredconditionals="4" methods="7" coveredmethods="4"/>
        <file name="connection.js" path="/home/hameetsingh/eda/new/copy of gymapp/Gym-app/server/db/connection.js">
          <metrics statements="4" coveredstatements="4" conditionals="2" coveredconditionals="1" methods="0" coveredmethods="0"/>
          <line num="1" count="1" type="cond" truecount="1" falsecount="1"/>
          <line num="2" count="1" type="stmt"/>
          <line num="3" count="1" type="stmt"/>
          <line num="5" count="1" type="stmt"/>
        </file>
        <file name="exercises.js" path="/home/hameetsingh/eda/new/copy of gymapp/Gym-app/server/db/exercises.js">
          <metrics statements="14" coveredstatements="11" conditionals="10" coveredconditionals="3" methods="7" coveredmethods="4"/>
          <line num="39" count="1" type="stmt"/>
          <line num="41" count="1" type="stmt"/>
          <line num="42" count="1" type="cond" truecount="1" falsecount="1"/>
          <line num="46" count="1" type="stmt"/>
          <line num="47" count="1" type="cond" truecount="1" falsecount="1"/>
          <line num="52" count="1" type="stmt"/>
          <line num="53" count="1" type="cond" truecount="1" falsecount="1"/>
          <line num="54" count="1" type="stmt"/>
          <line num="57" count="1" type="stmt"/>
          <line num="58" count="0" type="cond" truecount="0" falsecount="2"/>
          <line num="63" count="1" type="stmt"/>
          <line num="64" count="0" type="cond" truecount="0" falsecount="2"/>
          <line num="67" count="0" type="stmt"/>
          <line num="70" count="1" type="stmt"/>
        </file>
      </package>
      <package name="Gym-app.server.routes">
        <metrics statements="25" coveredstatements="21" conditionals="0" coveredconditionals="0" methods="11" coveredmethods="7"/>
        <file name="exercises.js" path="/home/hameetsingh/eda/new/copy of gymapp/Gym-app/server/routes/exercises.js">
          <metrics statements="25" coveredstatements="21" conditionals="0" coveredconditionals="0" methods="11" coveredmethods="7"/>
          <line num="43" count="1" type="stmt"/>
          <line num="44" count="1" type="stmt"/>
          <line num="46" count="1" type="stmt"/>
          <line num="48" count="1" type="stmt"/>
          <line num="49" count="1" type="stmt"/>
          <line num="50" count="1" type="stmt"/>
          <line num="52" count="1" type="stmt"/>
          <line num="56" count="1" type="stmt"/>
          <line num="57" count="1" type="stmt"/>
          <line num="58" count="1" type="stmt"/>
          <line num="59" count="1" type="stmt"/>
          <line num="60" count="0" type="stmt"/>
          <line num="63" count="1" type="stmt"/>
          <line num="64" count="1" type="stmt"/>
          <line num="65" count="1" type="stmt"/>
          <line num="66" count="0" type="stmt"/>
          <line num="67" count="0" type="stmt"/>
          <line num="70" count="1" type="stmt"/>
          <line num="71" count="1" type="stmt"/>
          <line num="72" count="1" type="stmt"/>
          <line num="73" count="1" type="stmt"/>
          <line num="75" count="1" type="stmt"/>
          <line num="76" count="1" type="stmt"/>
          <line num="77" count="0" type="stmt"/>
          <line num="81" count="1" type="stmt"/>
        </file>
      </package>
      <package name="Gym-app.test.client">
        <metrics statements="6" coveredstatements="6" conditionals="0" coveredconditionals="0" methods="0" coveredmethods="0"/>
        <file name="setup-dom.js" path="/home/hameetsingh/eda/new/copy of gymapp/Gym-app/test/client/setup-dom.js">
          <metrics statements="6" coveredstatements="6" conditionals="0" coveredconditionals="0" methods="0" coveredmethods="0"/>
          <line num="1" count="2" type="stmt"/>
          <line num="3" count="2" type="stmt"/>
          <line num="5" count="2" type="stmt"/>
          <line num="7" count="2" type="stmt"/>
          <line num="8" count="2" type="stmt"/>
          <line num="9" count="2" type="stmt"/>
        </file>
      </package>
      <package name="Gym-app.test.server">
        <metrics statements="7" coveredstatements="7" conditionals="0" coveredconditionals="0" methods="4" coveredmethods="4"/>
        <file name="test-environment.js" path="/home/hameetsingh/eda/new/copy of gymapp/Gym-app/test/server/test-environment.js">
          <metrics statements="7" coveredstatements="7" conditionals="0" coveredconditionals="0" methods="4" coveredmethods="4"/>
          <line num="1" count="1" type="stmt"/>
          <line num="3" count="1" type="stmt"/>
          <line num="5" count="1" type="stmt"/>
          <line num="7" count="2" type="stmt"/>
          <line num="12" count="2" type="stmt"/>
          <line num="14" count="2" type="stmt"/>
          <line num="20" count="2" type="stmt"/>
        </file>
      </package>
    </metrics>
  </project>
</coverage>
