{"/home/hameetsingh/eda/new/copy of gymapp/Gym-app/knexfile.js": {"path":"/home/hameetsingh/eda/new/copy of gymapp/Gym-app/knexfile.js","statementMap":{"0":{"start":{"line":3,"column":0},"end":{"line":33,"column":2}}},"fnMap":{},"branchMap":{},"s":{"0":1},"f":{},"b":{},"_coverageSchema":"332fd63041d2c1bcb487cc26dd0d5f7d97098a6c","hash":"80cf80bba7e6d33324a048ce74603cb3fd5e910d"}
,"/home/hameetsingh/eda/new/copy of gymapp/Gym-app/client/actions/exerciseActions.js": {"path":"/home/hameetsingh/eda/new/copy of gymapp/Gym-app/client/actions/exerciseActions.js","statementMap":{"0":{"start":{"line":1,"column":32},"end":{"line":6,"column":3}},"1":{"start":{"line":2,"column":4},"end":{"line":5,"column":5}},"2":{"start":{"line":8,"column":35},"end":{"line":13,"column":3}},"3":{"start":{"line":9,"column":4},"end":{"line":12,"column":5}},"4":{"start":{"line":15,"column":30},"end":{"line":20,"column":1}},"5":{"start":{"line":16,"column":2},"end":{"line":19,"column":3}},"6":{"start":{"line":22,"column":34},"end":{"line":28,"column":1}},"7":{"start":{"line":23,"column":2},"end":{"line":27,"column":3}}},"fnMap":{"0":{"name":"(anonymous_0)","decl":{"start":{"line":1,"column":32},"end":{"line":1,"column":33}},"loc":{"start":{"line":1,"column":47},"end":{"line":6,"column":3}},"line":1},"1":{"name":"(anonymous_1)","decl":{"start":{"line":8,"column":35},"end":{"line":8,"column":36}},"loc":{"start":{"line":8,"column":49},"end":{"line":13,"column":3}},"line":8},"2":{"name":"(anonymous_2)","decl":{"start":{"line":15,"column":30},"end":{"line":15,"column":31}},"loc":{"start":{"line":15,"column":44},"end":{"line":20,"column":1}},"line":15},"3":{"name":"(anonymous_3)","decl":{"start":{"line":22,"column":34},"end":{"line":22,"column":35}},"loc":{"start":{"line":22,"column":64},"end":{"line":28,"column":1}},"line":22}},"branchMap":{},"s":{"0":2,"1":1,"2":2,"3":0,"4":2,"5":0,"6":2,"7":0},"f":{"0":1,"1":0,"2":0,"3":0},"b":{},"_coverageSchema":"332fd63041d2c1bcb487cc26dd0d5f7d97098a6c","hash":"f05d85e153478aa3ac491658b87c859357618b42"}
,"/home/hameetsingh/eda/new/copy of gymapp/Gym-app/client/actions/exercises.js": {"path":"/home/hameetsingh/eda/new/copy of gymapp/Gym-app/client/actions/exercises.js","statementMap":{"0":{"start":{"line":7,"column":2},"end":{"line":16,"column":3}},"1":{"start":{"line":8,"column":4},"end":{"line":15,"column":8}},"2":{"start":{"line":11,"column":8},"end":{"line":11,"column":44}},"3":{"start":{"line":14,"column":8},"end":{"line":14,"column":32}},"4":{"start":{"line":21,"column":2},"end":{"line":32,"column":3}},"5":{"start":{"line":22,"column":4},"end":{"line":31,"column":8}},"6":{"start":{"line":26,"column":8},"end":{"line":29,"column":9}},"7":{"start":{"line":27,"column":10},"end":{"line":27,"column":34}},"8":{"start":{"line":28,"column":10},"end":{"line":28,"column":16}},"9":{"start":{"line":30,"column":8},"end":{"line":30,"column":45}},"10":{"start":{"line":36,"column":2},"end":{"line":36,"column":23}},"11":{"start":{"line":37,"column":2},"end":{"line":46,"column":3}},"12":{"start":{"line":38,"column":4},"end":{"line":45,"column":8}},"13":{"start":{"line":40,"column":8},"end":{"line":43,"column":9}},"14":{"start":{"line":41,"column":10},"end":{"line":41,"column":34}},"15":{"start":{"line":42,"column":10},"end":{"line":42,"column":16}},"16":{"start":{"line":44,"column":8},"end":{"line":44,"column":42}},"17":{"start":{"line":51,"column":2},"end":{"line":61,"column":3}},"18":{"start":{"line":52,"column":4},"end":{"line":60,"column":8}},"19":{"start":{"line":55,"column":8},"end":{"line":58,"column":9}},"20":{"start":{"line":56,"column":10},"end":{"line":56,"column":34}},"21":{"start":{"line":57,"column":10},"end":{"line":57,"column":16}},"22":{"start":{"line":59,"column":8},"end":{"line":59,"column":32}}},"fnMap":{"0":{"name":"getExercises","decl":{"start":{"line":6,"column":16},"end":{"line":6,"column":28}},"loc":{"start":{"line":6,"column":32},"end":{"line":17,"column":1}},"line":6},"1":{"name":"(anonymous_1)","decl":{"start":{"line":7,"column":9},"end":{"line":7,"column":10}},"loc":{"start":{"line":7,"column":21},"end":{"line":16,"column":3}},"line":7},"2":{"name":"(anonymous_2)","decl":{"start":{"line":10,"column":12},"end":{"line":10,"column":13}},"loc":{"start":{"line":10,"column":19},"end":{"line":12,"column":7}},"line":10},"3":{"name":"(anonymous_3)","decl":{"start":{"line":13,"column":13},"end":{"line":13,"column":14}},"loc":{"start":{"line":13,"column":20},"end":{"line":15,"column":7}},"line":13},"4":{"name":"addExercise","decl":{"start":{"line":20,"column":16},"end":{"line":20,"column":27}},"loc":{"start":{"line":20,"column":39},"end":{"line":33,"column":1}},"line":20},"5":{"name":"(anonymous_5)","decl":{"start":{"line":21,"column":9},"end":{"line":21,"column":10}},"loc":{"start":{"line":21,"column":23},"end":{"line":32,"column":3}},"line":21},"6":{"name":"(anonymous_6)","decl":{"start":{"line":25,"column":11},"end":{"line":25,"column":12}},"loc":{"start":{"line":25,"column":25},"end":{"line":31,"column":7}},"line":25},"7":{"name":"delExercise","decl":{"start":{"line":35,"column":16},"end":{"line":35,"column":27}},"loc":{"start":{"line":35,"column":39},"end":{"line":47,"column":1}},"line":35},"8":{"name":"(anonymous_8)","decl":{"start":{"line":37,"column":9},"end":{"line":37,"column":10}},"loc":{"start":{"line":37,"column":23},"end":{"line":46,"column":3}},"line":37},"9":{"name":"(anonymous_9)","decl":{"start":{"line":39,"column":11},"end":{"line":39,"column":12}},"loc":{"start":{"line":39,"column":25},"end":{"line":45,"column":7}},"line":39},"10":{"name":"editExercise","decl":{"start":{"line":49,"column":16},"end":{"line":49,"column":28}},"loc":{"start":{"line":49,"column":55},"end":{"line":62,"column":1}},"line":49},"11":{"name":"(anonymous_11)","decl":{"start":{"line":51,"column":9},"end":{"line":51,"column":10}},"loc":{"start":{"line":51,"column":23},"end":{"line":61,"column":3}},"line":51},"12":{"name":"(anonymous_12)","decl":{"start":{"line":54,"column":11},"end":{"line":54,"column":12}},"loc":{"start":{"line":54,"column":25},"end":{"line":60,"column":7}},"line":54}},"branchMap":{"0":{"loc":{"start":{"line":26,"column":8},"end":{"line":29,"column":9}},"type":"if","locations":[{"start":{"line":26,"column":8},"end":{"line":29,"column":9}},{"start":{"line":26,"column":8},"end":{"line":29,"column":9}}],"line":26},"1":{"loc":{"start":{"line":40,"column":8},"end":{"line":43,"column":9}},"type":"if","locations":[{"start":{"line":40,"column":8},"end":{"line":43,"column":9}},{"start":{"line":40,"column":8},"end":{"line":43,"column":9}}],"line":40},"2":{"loc":{"start":{"line":55,"column":8},"end":{"line":58,"column":9}},"type":"if","locations":[{"start":{"line":55,"column":8},"end":{"line":58,"column":9}},{"start":{"line":55,"column":8},"end":{"line":58,"column":9}}],"line":55}},"s":{"0":1,"1":1,"2":0,"3":0,"4":0,"5":0,"6":0,"7":0,"8":0,"9":0,"10":0,"11":0,"12":0,"13":0,"14":0,"15":0,"16":0,"17":0,"18":0,"19":0,"20":0,"21":0,"22":0},"f":{"0":1,"1":1,"2":0,"3":0,"4":0,"5":0,"6":0,"7":0,"8":0,"9":0,"10":0,"11":0,"12":0},"b":{"0":[0,0],"1":[0,0],"2":[0,0]},"_coverageSchema":"332fd63041d2c1bcb487cc26dd0d5f7d97098a6c","hash":"af745cd3975e063dedaceac0a652e866d0039bd2"}
,"/home/hameetsingh/eda/new/copy of gymapp/Gym-app/client/components/About.jsx": {"path":"/home/hameetsingh/eda/new/copy of gymapp/Gym-app/client/components/About.jsx","statementMap":{"0":{"start":{"line":7,"column":4},"end":{"line":26,"column":5}}},"fnMap":{"0":{"name":"(anonymous_0)","decl":{"start":{"line":6,"column":2},"end":{"line":6,"column":3}},"loc":{"start":{"line":6,"column":11},"end":{"line":27,"column":3}},"line":6}},"branchMap":{},"s":{"0":0},"f":{"0":0},"b":{},"_coverageSchema":"332fd63041d2c1bcb487cc26dd0d5f7d97098a6c","hash":"70d7e4e1ebc09a80928b60530268c5eb8268bd57"}
,"/home/hameetsingh/eda/new/copy of gymapp/Gym-app/client/components/App.jsx": {"path":"/home/hameetsingh/eda/new/copy of gymapp/Gym-app/client/components/App.jsx","statementMap":{"0":{"start":{"line":16,"column":4},"end":{"line":16,"column":16}},"1":{"start":{"line":17,"column":4},"end":{"line":19,"column":5}},"2":{"start":{"line":23,"column":2},"end":{"line":23,"column":37}},"3":{"start":{"line":27,"column":4},"end":{"line":27,"column":64}},"4":{"start":{"line":31,"column":4},"end":{"line":45,"column":1}},"5":{"start":{"line":37,"column":47},"end":{"line":37,"column":208}},"6":{"start":{"line":41,"column":65},"end":{"line":41,"column":86}}},"fnMap":{"0":{"name":"(anonymous_0)","decl":{"start":{"line":15,"column":2},"end":{"line":15,"column":3}},"loc":{"start":{"line":15,"column":21},"end":{"line":20,"column":3}},"line":15},"1":{"name":"(anonymous_1)","decl":{"start":{"line":22,"column":2},"end":{"line":22,"column":3}},"loc":{"start":{"line":22,"column":22},"end":{"line":24,"column":3}},"line":22},"2":{"name":"(anonymous_2)","decl":{"start":{"line":26,"column":2},"end":{"line":26,"column":3}},"loc":{"start":{"line":26,"column":16},"end":{"line":28,"column":3}},"line":26},"3":{"name":"(anonymous_3)","decl":{"start":{"line":30,"column":2},"end":{"line":30,"column":3}},"loc":{"start":{"line":30,"column":11},"end":{"line":46,"column":3}},"line":30},"4":{"name":"(anonymous_4)","decl":{"start":{"line":37,"column":41},"end":{"line":37,"column":42}},"loc":{"start":{"line":37,"column":47},"end":{"line":37,"column":208}},"line":37},"5":{"name":"(anonymous_5)","decl":{"start":{"line":41,"column":54},"end":{"line":41,"column":55}},"loc":{"start":{"line":41,"column":65},"end":{"line":41,"column":86}},"line":41}},"branchMap":{"0":{"loc":{"start":{"line":37,"column":140},"end":{"line":37,"column":198}},"type":"cond-expr","locations":[{"start":{"line":37,"column":170},"end":{"line":37,"column":178}},{"start":{"line":37,"column":181},"end":{"line":37,"column":198}}],"line":37},"1":{"loc":{"start":{"line":38,"column":11},"end":{"line":38,"column":93}},"type":"binary-expr","locations":[{"start":{"line":38,"column":11},"end":{"line":38,"column":38}},{"start":{"line":38,"column":42},"end":{"line":38,"column":93}}],"line":38}},"s":{"0":0,"1":0,"2":0,"3":0,"4":0,"5":0,"6":0},"f":{"0":0,"1":0,"2":0,"3":0,"4":0,"5":0},"b":{"0":[0,0],"1":[0,0]},"_coverageSchema":"332fd63041d2c1bcb487cc26dd0d5f7d97098a6c","hash":"1d0b3c3903dac3e29f67d17509901fcbda49aef7"}
,"/home/hameetsingh/eda/new/copy of gymapp/Gym-app/client/components/CreateExercise.jsx": {"path":"/home/hameetsingh/eda/new/copy of gymapp/Gym-app/client/components/CreateExercise.jsx","statementMap":{"0":{"start":{"line":8,"column":8},"end":{"line":8,"column":21}},"1":{"start":{"line":9,"column":8},"end":{"line":11,"column":10}},"2":{"start":{"line":15,"column":24},"end":{"line":15,"column":46}},"3":{"start":{"line":16,"column":6},"end":{"line":16,"column":49}},"4":{"start":{"line":17,"column":6},"end":{"line":17,"column":34}},"5":{"start":{"line":23,"column":6},"end":{"line":23,"column":62}},"6":{"start":{"line":24,"column":6},"end":{"line":24,"column":25}},"7":{"start":{"line":29,"column":8},"end":{"line":67,"column":19}},"8":{"start":{"line":71,"column":24},"end":{"line":73,"column":1}},"9":{"start":{"line":72,"column":2},"end":{"line":72,"column":22}}},"fnMap":{"0":{"name":"(anonymous_0)","decl":{"start":{"line":7,"column":4},"end":{"line":7,"column":5}},"loc":{"start":{"line":7,"column":23},"end":{"line":12,"column":5}},"line":7},"1":{"name":"(anonymous_1)","decl":{"start":{"line":14,"column":4},"end":{"line":14,"column":5}},"loc":{"start":{"line":14,"column":21},"end":{"line":18,"column":5}},"line":14},"2":{"name":"(anonymous_2)","decl":{"start":{"line":20,"column":4},"end":{"line":20,"column":5}},"loc":{"start":{"line":20,"column":20},"end":{"line":25,"column":5}},"line":20},"3":{"name":"(anonymous_3)","decl":{"start":{"line":27,"column":8},"end":{"line":27,"column":9}},"loc":{"start":{"line":27,"column":17},"end":{"line":68,"column":7}},"line":27},"4":{"name":"(anonymous_4)","decl":{"start":{"line":71,"column":24},"end":{"line":71,"column":25}},"loc":{"start":{"line":71,"column":43},"end":{"line":73,"column":1}},"line":71}},"branchMap":{},"s":{"0":0,"1":0,"2":0,"3":0,"4":0,"5":0,"6":0,"7":0,"8":1,"9":0},"f":{"0":0,"1":0,"2":0,"3":0,"4":0},"b":{},"_coverageSchema":"332fd63041d2c1bcb487cc26dd0d5f7d97098a6c","hash":"dcd30e439f69e4dd72cd1faf889d3463ffb0cd39"}
,"/home/hameetsingh/eda/new/copy of gymapp/Gym-app/client/components/EditExercise.jsx": {"path":"/home/hameetsingh/eda/new/copy of gymapp/Gym-app/client/components/EditExercise.jsx","statementMap":{"0":{"start":{"line":8,"column":4},"end":{"line":8,"column":16}},"1":{"start":{"line":9,"column":4},"end":{"line":12,"column":5}},"2":{"start":{"line":15,"column":24},"end":{"line":15,"column":34}},"3":{"start":{"line":16,"column":4},"end":{"line":16,"column":47}},"4":{"start":{"line":17,"column":4},"end":{"line":17,"column":32}},"5":{"start":{"line":20,"column":4},"end":{"line":20,"column":22}},"6":{"start":{"line":21,"column":4},"end":{"line":21,"column":21}},"7":{"start":{"line":22,"column":4},"end":{"line":22,"column":85}},"8":{"start":{"line":23,"column":4},"end":{"line":23,"column":23}},"9":{"start":{"line":26,"column":24},"end":{"line":26,"column":34}},"10":{"start":{"line":27,"column":4},"end":{"line":57,"column":5}},"11":{"start":{"line":61,"column":24},"end":{"line":63,"column":1}},"12":{"start":{"line":62,"column":2},"end":{"line":62,"column":22}}},"fnMap":{"0":{"name":"(anonymous_0)","decl":{"start":{"line":7,"column":2},"end":{"line":7,"column":3}},"loc":{"start":{"line":7,"column":21},"end":{"line":13,"column":3}},"line":7},"1":{"name":"(anonymous_1)","decl":{"start":{"line":14,"column":2},"end":{"line":14,"column":3}},"loc":{"start":{"line":14,"column":28},"end":{"line":18,"column":3}},"line":14},"2":{"name":"(anonymous_2)","decl":{"start":{"line":19,"column":2},"end":{"line":19,"column":3}},"loc":{"start":{"line":19,"column":16},"end":{"line":24,"column":3}},"line":19},"3":{"name":"(anonymous_3)","decl":{"start":{"line":25,"column":2},"end":{"line":25,"column":3}},"loc":{"start":{"line":25,"column":11},"end":{"line":58,"column":3}},"line":25},"4":{"name":"(anonymous_4)","decl":{"start":{"line":61,"column":24},"end":{"line":61,"column":25}},"loc":{"start":{"line":61,"column":43},"end":{"line":63,"column":1}},"line":61}},"branchMap":{},"s":{"0":0,"1":0,"2":0,"3":0,"4":0,"5":0,"6":0,"7":0,"8":0,"9":0,"10":0,"11":1,"12":0},"f":{"0":0,"1":0,"2":0,"3":0,"4":0},"b":{},"_coverageSchema":"332fd63041d2c1bcb487cc26dd0d5f7d97098a6c","hash":"51000a43ac32057c55d4bdc01337c155e85b4fcc"}
,"/home/hameetsingh/eda/new/copy of gymapp/Gym-app/client/components/ExerciseList.jsx": {"path":"/home/hameetsingh/eda/new/copy of gymapp/Gym-app/client/components/ExerciseList.jsx","statementMap":{"0":{"start":{"line":11,"column":2},"end":{"line":11,"column":37}},"1":{"start":{"line":15,"column":1},"end":{"line":19,"column":3}},"2":{"start":{"line":17,"column":51},"end":{"line":17,"column":101}},"3":{"start":{"line":23,"column":24},"end":{"line":28,"column":1}},"4":{"start":{"line":24,"column":1},"end":{"line":24,"column":29}},"5":{"start":{"line":25,"column":1},"end":{"line":27,"column":2}}},"fnMap":{"0":{"name":"(anonymous_0)","decl":{"start":{"line":10,"column":1},"end":{"line":10,"column":2}},"loc":{"start":{"line":10,"column":21},"end":{"line":12,"column":2}},"line":10},"1":{"name":"(anonymous_1)","decl":{"start":{"line":14,"column":1},"end":{"line":14,"column":2}},"loc":{"start":{"line":14,"column":10},"end":{"line":20,"column":2}},"line":14},"2":{"name":"(anonymous_2)","decl":{"start":{"line":17,"column":34},"end":{"line":17,"column":35}},"loc":{"start":{"line":17,"column":51},"end":{"line":17,"column":101}},"line":17},"3":{"name":"(anonymous_3)","decl":{"start":{"line":23,"column":24},"end":{"line":23,"column":25}},"loc":{"start":{"line":23,"column":35},"end":{"line":28,"column":1}},"line":23}},"branchMap":{},"s":{"0":0,"1":0,"2":0,"3":2,"4":0,"5":0},"f":{"0":0,"1":0,"2":0,"3":0},"b":{},"_coverageSchema":"332fd63041d2c1bcb487cc26dd0d5f7d97098a6c","hash":"7a267eae5e94d456933fb7619437eac8b116f7fa"}
,"/home/hameetsingh/eda/new/copy of gymapp/Gym-app/client/components/ExercisePreview.jsx": {"path":"/home/hameetsingh/eda/new/copy of gymapp/Gym-app/client/components/ExercisePreview.jsx","statementMap":{"0":{"start":{"line":5,"column":24},"end":{"line":11,"column":1}},"1":{"start":{"line":6,"column":2},"end":{"line":10,"column":3}}},"fnMap":{"0":{"name":"(anonymous_0)","decl":{"start":{"line":5,"column":24},"end":{"line":5,"column":25}},"loc":{"start":{"line":5,"column":54},"end":{"line":11,"column":1}},"line":5}},"branchMap":{},"s":{"0":2,"1":0},"f":{"0":0},"b":{},"_coverageSchema":"332fd63041d2c1bcb487cc26dd0d5f7d97098a6c","hash":"f97a02b3fe34dbc706f8d6ca327b25d6e0e375b0"}
,"/home/hameetsingh/eda/new/copy of gymapp/Gym-app/client/components/Header.jsx": {"path":"/home/hameetsingh/eda/new/copy of gymapp/Gym-app/client/components/Header.jsx","statementMap":{"0":{"start":{"line":33,"column":4},"end":{"line":55,"column":5}}},"fnMap":{"0":{"name":"(anonymous_0)","decl":{"start":{"line":32,"column":2},"end":{"line":32,"column":3}},"loc":{"start":{"line":32,"column":11},"end":{"line":56,"column":3}},"line":32}},"branchMap":{},"s":{"0":0},"f":{"0":0},"b":{},"_coverageSchema":"332fd63041d2c1bcb487cc26dd0d5f7d97098a6c","hash":"620cf8450777a378cb8d236e8c2f0a51aacab06b"}
,"/home/hameetsingh/eda/new/copy of gymapp/Gym-app/client/components/Home.jsx": {"path":"/home/hameetsingh/eda/new/copy of gymapp/Gym-app/client/components/Home.jsx","statementMap":{"0":{"start":{"line":8,"column":4},"end":{"line":22,"column":5}}},"fnMap":{"0":{"name":"(anonymous_0)","decl":{"start":{"line":7,"column":2},"end":{"line":7,"column":3}},"loc":{"start":{"line":7,"column":11},"end":{"line":23,"column":3}},"line":7}},"branchMap":{},"s":{"0":0},"f":{"0":0},"b":{},"_coverageSchema":"332fd63041d2c1bcb487cc26dd0d5f7d97098a6c","hash":"bc22d8c6473d78a6d2f76a5b8bf8b1999ee32750"}
,"/home/hameetsingh/eda/new/copy of gymapp/Gym-app/client/components/Single.jsx": {"path":"/home/hameetsingh/eda/new/copy of gymapp/Gym-app/client/components/Single.jsx","statementMap":{"0":{"start":{"line":12,"column":4},"end":{"line":12,"column":16}},"1":{"start":{"line":13,"column":4},"end":{"line":13,"column":23}},"2":{"start":{"line":14,"column":4},"end":{"line":17,"column":5}},"3":{"start":{"line":20,"column":4},"end":{"line":20,"column":29}},"4":{"start":{"line":23,"column":4},"end":{"line":23,"column":51}},"5":{"start":{"line":26,"column":21},"end":{"line":26,"column":31}},"6":{"start":{"line":27,"column":4},"end":{"line":65,"column":5}},"7":{"start":{"line":57,"column":55},"end":{"line":57,"column":97}},"8":{"start":{"line":69,"column":24},"end":{"line":74,"column":1}},"9":{"start":{"line":70,"column":2},"end":{"line":70,"column":46}},"10":{"start":{"line":71,"column":2},"end":{"line":73,"column":3}},"11":{"start":{"line":72,"column":47},"end":{"line":72,"column":83}}},"fnMap":{"0":{"name":"(anonymous_0)","decl":{"start":{"line":11,"column":2},"end":{"line":11,"column":3}},"loc":{"start":{"line":11,"column":21},"end":{"line":18,"column":3}},"line":11},"1":{"name":"(anonymous_1)","decl":{"start":{"line":19,"column":2},"end":{"line":19,"column":3}},"loc":{"start":{"line":19,"column":40},"end":{"line":21,"column":3}},"line":19},"2":{"name":"(anonymous_2)","decl":{"start":{"line":22,"column":2},"end":{"line":22,"column":3}},"loc":{"start":{"line":22,"column":15},"end":{"line":24,"column":3}},"line":22},"3":{"name":"(anonymous_3)","decl":{"start":{"line":25,"column":2},"end":{"line":25,"column":3}},"loc":{"start":{"line":25,"column":11},"end":{"line":66,"column":3}},"line":25},"4":{"name":"(anonymous_4)","decl":{"start":{"line":57,"column":49},"end":{"line":57,"column":50}},"loc":{"start":{"line":57,"column":55},"end":{"line":57,"column":97}},"line":57},"5":{"name":"(anonymous_5)","decl":{"start":{"line":69,"column":24},"end":{"line":69,"column":25}},"loc":{"start":{"line":69,"column":42},"end":{"line":74,"column":1}},"line":69},"6":{"name":"(anonymous_6)","decl":{"start":{"line":72,"column":35},"end":{"line":72,"column":36}},"loc":{"start":{"line":72,"column":47},"end":{"line":72,"column":83}},"line":72}},"branchMap":{"0":{"loc":{"start":{"line":15,"column":16},"end":{"line":15,"column":38}},"type":"binary-expr","locations":[{"start":{"line":15,"column":16},"end":{"line":15,"column":30}},{"start":{"line":15,"column":34},"end":{"line":15,"column":38}}],"line":15},"1":{"loc":{"start":{"line":30,"column":9},"end":{"line":62,"column":29}},"type":"cond-expr","locations":[{"start":{"line":31,"column":13},"end":{"line":61,"column":16}},{"start":{"line":62,"column":12},"end":{"line":62,"column":29}}],"line":30},"2":{"loc":{"start":{"line":32,"column":13},"end":{"line":58,"column":21}},"type":"cond-expr","locations":[{"start":{"line":33,"column":16},"end":{"line":33,"column":87}},{"start":{"line":34,"column":17},"end":{"line":58,"column":20}}],"line":32},"3":{"loc":{"start":{"line":60,"column":75},"end":{"line":60,"column":122}},"type":"cond-expr","locations":[{"start":{"line":60,"column":97},"end":{"line":60,"column":110}},{"start":{"line":60,"column":113},"end":{"line":60,"column":122}}],"line":60}},"s":{"0":0,"1":0,"2":0,"3":0,"4":0,"5":0,"6":0,"7":0,"8":1,"9":0,"10":0,"11":0},"f":{"0":0,"1":0,"2":0,"3":0,"4":0,"5":0,"6":0},"b":{"0":[0,0],"1":[0,0],"2":[0,0],"3":[0,0]},"_coverageSchema":"332fd63041d2c1bcb487cc26dd0d5f7d97098a6c","hash":"84d752c9d96a1fa55410db4a36127d3e52f5e8a3"}
,"/home/hameetsingh/eda/new/copy of gymapp/Gym-app/client/reducers/exercises.js": {"path":"/home/hameetsingh/eda/new/copy of gymapp/Gym-app/client/reducers/exercises.js","statementMap":{"0":{"start":{"line":2,"column":17},"end":{"line":2,"column":27}},"1":{"start":{"line":3,"column":4},"end":{"line":12,"column":5}},"2":{"start":{"line":5,"column":8},"end":{"line":5,"column":32}},"3":{"start":{"line":7,"column":8},"end":{"line":7,"column":45}},"4":{"start":{"line":9,"column":8},"end":{"line":9,"column":76}},"5":{"start":{"line":9,"column":48},"end":{"line":9,"column":75}},"6":{"start":{"line":11,"column":8},"end":{"line":11,"column":20}}},"fnMap":{"0":{"name":"exercises","decl":{"start":{"line":1,"column":9},"end":{"line":1,"column":18}},"loc":{"start":{"line":1,"column":40},"end":{"line":13,"column":3}},"line":1},"1":{"name":"(anonymous_1)","decl":{"start":{"line":9,"column":36},"end":{"line":9,"column":37}},"loc":{"start":{"line":9,"column":48},"end":{"line":9,"column":75}},"line":9}},"branchMap":{"0":{"loc":{"start":{"line":1,"column":20},"end":{"line":1,"column":30}},"type":"default-arg","locations":[{"start":{"line":1,"column":28},"end":{"line":1,"column":30}}],"line":1},"1":{"loc":{"start":{"line":3,"column":4},"end":{"line":12,"column":5}},"type":"switch","locations":[{"start":{"line":4,"column":6},"end":{"line":5,"column":32}},{"start":{"line":6,"column":6},"end":{"line":7,"column":45}},{"start":{"line":8,"column":6},"end":{"line":9,"column":76}},{"start":{"line":10,"column":6},"end":{"line":11,"column":20}}],"line":3}},"s":{"0":2,"1":2,"2":1,"3":0,"4":0,"5":0,"6":1},"f":{"0":2,"1":0},"b":{"0":[2],"1":[1,0,0,1]},"_coverageSchema":"332fd63041d2c1bcb487cc26dd0d5f7d97098a6c","hash":"92cec09fb0dd61664956ac1967e1b08dd5d435aa"}
,"/home/hameetsingh/eda/new/copy of gymapp/Gym-app/migrations/20180728110832_exercises.js": {"path":"/home/hameetsingh/eda/new/copy of gymapp/Gym-app/migrations/20180728110832_exercises.js","statementMap":{"0":{"start":{"line":2,"column":0},"end":{"line":14,"column":2}},"1":{"start":{"line":3,"column":4},"end":{"line":12,"column":7}},"2":{"start":{"line":4,"column":8},"end":{"line":4,"column":30}},"3":{"start":{"line":5,"column":8},"end":{"line":5,"column":32}},"4":{"start":{"line":6,"column":8},"end":{"line":6,"column":32}},"5":{"start":{"line":7,"column":8},"end":{"line":7,"column":29}},"6":{"start":{"line":8,"column":8},"end":{"line":8,"column":31}},"7":{"start":{"line":9,"column":8},"end":{"line":9,"column":32}},"8":{"start":{"line":10,"column":8},"end":{"line":10,"column":28}},"9":{"start":{"line":11,"column":8},"end":{"line":11,"column":28}},"10":{"start":{"line":16,"column":0},"end":{"line":19,"column":2}},"11":{"start":{"line":17,"column":4},"end":{"line":17,"column":45}}},"fnMap":{"0":{"name":"(anonymous_0)","decl":{"start":{"line":2,"column":13},"end":{"line":2,"column":14}},"loc":{"start":{"line":2,"column":37},"end":{"line":14,"column":1}},"line":2},"1":{"name":"(anonymous_1)","decl":{"start":{"line":3,"column":48},"end":{"line":3,"column":49}},"loc":{"start":{"line":3,"column":59},"end":{"line":12,"column":5}},"line":3},"2":{"name":"(anonymous_2)","decl":{"start":{"line":16,"column":15},"end":{"line":16,"column":16}},"loc":{"start":{"line":16,"column":39},"end":{"line":19,"column":1}},"line":16}},"branchMap":{},"s":{"0":1,"1":2,"2":2,"3":2,"4":2,"5":2,"6":2,"7":2,"8":2,"9":2,"10":1,"11":0},"f":{"0":2,"1":2,"2":0},"b":{},"_coverageSchema":"332fd63041d2c1bcb487cc26dd0d5f7d97098a6c","hash":"de020a6840bcd27bd0f3461a7ba064aad508c90c"}
,"/home/hameetsingh/eda/new/copy of gymapp/Gym-app/migrations/20180802205412_plan.js": {"path":"/home/hameetsingh/eda/new/copy of gymapp/Gym-app/migrations/20180802205412_plan.js","statementMap":{"0":{"start":{"line":2,"column":0},"end":{"line":8,"column":2}},"1":{"start":{"line":3,"column":2},"end":{"line":7,"column":4}},"2":{"start":{"line":4,"column":6},"end":{"line":4,"column":33}},"3":{"start":{"line":5,"column":6},"end":{"line":5,"column":27}},"4":{"start":{"line":6,"column":6},"end":{"line":6,"column":27}},"5":{"start":{"line":10,"column":0},"end":{"line":12,"column":2}},"6":{"start":{"line":11,"column":2},"end":{"line":11,"column":38}}},"fnMap":{"0":{"name":"(anonymous_0)","decl":{"start":{"line":2,"column":13},"end":{"line":2,"column":14}},"loc":{"start":{"line":2,"column":37},"end":{"line":8,"column":1}},"line":2},"1":{"name":"(anonymous_1)","decl":{"start":{"line":3,"column":41},"end":{"line":3,"column":42}},"loc":{"start":{"line":3,"column":52},"end":{"line":7,"column":3}},"line":3},"2":{"name":"(anonymous_2)","decl":{"start":{"line":10,"column":15},"end":{"line":10,"column":16}},"loc":{"start":{"line":10,"column":39},"end":{"line":12,"column":1}},"line":10}},"branchMap":{},"s":{"0":1,"1":2,"2":2,"3":2,"4":2,"5":1,"6":0},"f":{"0":2,"1":2,"2":0},"b":{},"_coverageSchema":"332fd63041d2c1bcb487cc26dd0d5f7d97098a6c","hash":"e8a63e6a93440e06a9a9d7fbaca4d09bd9ccc6fd"}
,"/home/hameetsingh/eda/new/copy of gymapp/Gym-app/seeds/exercises.js": {"path":"/home/hameetsingh/eda/new/copy of gymapp/Gym-app/seeds/exercises.js","statementMap":{"0":{"start":{"line":2,"column":0},"end":{"line":16,"column":2}},"1":{"start":{"line":4,"column":2},"end":{"line":15,"column":7}},"2":{"start":{"line":7,"column":6},"end":{"line":14,"column":9}}},"fnMap":{"0":{"name":"(anonymous_0)","decl":{"start":{"line":2,"column":15},"end":{"line":2,"column":16}},"loc":{"start":{"line":2,"column":39},"end":{"line":16,"column":1}},"line":2},"1":{"name":"(anonymous_1)","decl":{"start":{"line":5,"column":10},"end":{"line":5,"column":11}},"loc":{"start":{"line":5,"column":22},"end":{"line":15,"column":5}},"line":5}},"branchMap":{},"s":{"0":1,"1":2,"2":2},"f":{"0":2,"1":2},"b":{},"_coverageSchema":"332fd63041d2c1bcb487cc26dd0d5f7d97098a6c","hash":"ed337a05a76f0d68c7e3ad545cc50d12fb638d32"}
,"/home/hameetsingh/eda/new/copy of gymapp/Gym-app/seeds/plan.js": {"path":"/home/hameetsingh/eda/new/copy of gymapp/Gym-app/seeds/plan.js","statementMap":{"0":{"start":{"line":2,"column":0},"end":{"line":12,"column":2}},"1":{"start":{"line":4,"column":2},"end":{"line":11,"column":7}},"2":{"start":{"line":7,"column":6},"end":{"line":10,"column":11}}},"fnMap":{"0":{"name":"(anonymous_0)","decl":{"start":{"line":2,"column":15},"end":{"line":2,"column":16}},"loc":{"start":{"line":2,"column":39},"end":{"line":12,"column":1}},"line":2},"1":{"name":"(anonymous_1)","decl":{"start":{"line":5,"column":10},"end":{"line":5,"column":11}},"loc":{"start":{"line":5,"column":22},"end":{"line":11,"column":5}},"line":5}},"branchMap":{},"s":{"0":1,"1":2,"2":2},"f":{"0":2,"1":2},"b":{},"_coverageSchema":"332fd63041d2c1bcb487cc26dd0d5f7d97098a6c","hash":"6034d42e0f33ed505d94282b124645db16f78e5b"}
,"/home/hameetsingh/eda/new/copy of gymapp/Gym-app/server/server.js": {"path":"/home/hameetsingh/eda/new/copy of gymapp/Gym-app/server/server.js","statementMap":{"0":{"start":{"line":1,"column":13},"end":{"line":1,"column":28}},"1":{"start":{"line":2,"column":16},"end":{"line":2,"column":34}},"2":{"start":{"line":3,"column":19},"end":{"line":3,"column":41}},"3":{"start":{"line":4,"column":13},"end":{"line":4,"column":28}},"4":{"start":{"line":7,"column":18},"end":{"line":7,"column":47}},"5":{"start":{"line":9,"column":15},"end":{"line":9,"column":24}},"6":{"start":{"line":11,"column":0},"end":{"line":11,"column":21}},"7":{"start":{"line":13,"column":0},"end":{"line":13,"column":29}},"8":{"start":{"line":14,"column":0},"end":{"line":14,"column":61}},"9":{"start":{"line":17,"column":0},"end":{"line":17,"column":39}},"10":{"start":{"line":19,"column":0},"end":{"line":19,"column":23}}},"fnMap":{},"branchMap":{},"s":{"0":1,"1":1,"2":1,"3":1,"4":1,"5":1,"6":1,"7":1,"8":1,"9":1,"10":1},"f":{},"b":{},"_coverageSchema":"332fd63041d2c1bcb487cc26dd0d5f7d97098a6c","hash":"ad871cd7aa86ed7a993995716f8cd310aba7fe45"}
,"/home/hameetsingh/eda/new/copy of gymapp/Gym-app/server/db/connection.js": {"path":"/home/hameetsingh/eda/new/copy of gymapp/Gym-app/server/db/connection.js","statementMap":{"0":{"start":{"line":1,"column":20},"end":{"line":1,"column":57}},"1":{"start":{"line":2,"column":15},"end":{"line":2,"column":53}},"2":{"start":{"line":3,"column":19},"end":{"line":3,"column":42}},"3":{"start":{"line":5,"column":0},"end":{"line":5,"column":27}}},"fnMap":{},"branchMap":{"0":{"loc":{"start":{"line":1,"column":20},"end":{"line":1,"column":57}},"type":"binary-expr","locations":[{"start":{"line":1,"column":20},"end":{"line":1,"column":40}},{"start":{"line":1,"column":44},"end":{"line":1,"column":57}}],"line":1}},"s":{"0":1,"1":1,"2":1,"3":1},"f":{},"b":{"0":[1,0]},"_coverageSchema":"332fd63041d2c1bcb487cc26dd0d5f7d97098a6c","hash":"e885053d1a9bf36ea5fff5761b5e7a75aa3aff55"}
,"/home/hameetsingh/eda/new/copy of gymapp/Gym-app/server/db/exercises.js": {"path":"/home/hameetsingh/eda/new/copy of gymapp/Gym-app/server/db/exercises.js","statementMap":{"0":{"start":{"line":39,"column":11},"end":{"line":39,"column":34}},"1":{"start":{"line":41,"column":21},"end":{"line":44,"column":1}},"2":{"start":{"line":42,"column":2},"end":{"line":43,"column":13}},"3":{"start":{"line":46,"column":24},"end":{"line":50,"column":1}},"4":{"start":{"line":47,"column":2},"end":{"line":49,"column":30}},"5":{"start":{"line":52,"column":20},"end":{"line":55,"column":1}},"6":{"start":{"line":53,"column":2},"end":{"line":54,"column":61}},"7":{"start":{"line":54,"column":25},"end":{"line":54,"column":60}},"8":{"start":{"line":57,"column":23},"end":{"line":61,"column":1}},"9":{"start":{"line":58,"column":2},"end":{"line":60,"column":10}},"10":{"start":{"line":63,"column":21},"end":{"line":68,"column":1}},"11":{"start":{"line":64,"column":2},"end":{"line":67,"column":40}},"12":{"start":{"line":67,"column":16},"end":{"line":67,"column":39}},"13":{"start":{"line":70,"column":0},"end":{"line":75,"column":3}}},"fnMap":{"0":{"name":"(anonymous_0)","decl":{"start":{"line":41,"column":21},"end":{"line":41,"column":22}},"loc":{"start":{"line":41,"column":33},"end":{"line":44,"column":1}},"line":41},"1":{"name":"(anonymous_1)","decl":{"start":{"line":46,"column":24},"end":{"line":46,"column":25}},"loc":{"start":{"line":46,"column":40},"end":{"line":50,"column":1}},"line":46},"2":{"name":"(anonymous_2)","decl":{"start":{"line":52,"column":20},"end":{"line":52,"column":21}},"loc":{"start":{"line":52,"column":42},"end":{"line":55,"column":1}},"line":52},"3":{"name":"(anonymous_3)","decl":{"start":{"line":54,"column":10},"end":{"line":54,"column":11}},"loc":{"start":{"line":54,"column":25},"end":{"line":54,"column":60}},"line":54},"4":{"name":"(anonymous_4)","decl":{"start":{"line":57,"column":23},"end":{"line":57,"column":24}},"loc":{"start":{"line":57,"column":39},"end":{"line":61,"column":1}},"line":57},"5":{"name":"(anonymous_5)","decl":{"start":{"line":63,"column":21},"end":{"line":63,"column":22}},"loc":{"start":{"line":63,"column":50},"end":{"line":68,"column":1}},"line":63},"6":{"name":"(anonymous_6)","decl":{"start":{"line":67,"column":10},"end":{"line":67,"column":11}},"loc":{"start":{"line":67,"column":16},"end":{"line":67,"column":39}},"line":67}},"branchMap":{"0":{"loc":{"start":{"line":42,"column":10},"end":{"line":42,"column":22}},"type":"binary-expr","locations":[{"start":{"line":42,"column":10},"end":{"line":42,"column":16}},{"start":{"line":42,"column":20},"end":{"line":42,"column":22}}],"line":42},"1":{"loc":{"start":{"line":47,"column":10},"end":{"line":47,"column":22}},"type":"binary-expr","locations":[{"start":{"line":47,"column":10},"end":{"line":47,"column":16}},{"start":{"line":47,"column":20},"end":{"line":47,"column":22}}],"line":47},"2":{"loc":{"start":{"line":53,"column":10},"end":{"line":53,"column":22}},"type":"binary-expr","locations":[{"start":{"line":53,"column":10},"end":{"line":53,"column":16}},{"start":{"line":53,"column":20},"end":{"line":53,"column":22}}],"line":53},"3":{"loc":{"start":{"line":58,"column":10},"end":{"line":58,"column":22}},"type":"binary-expr","locations":[{"start":{"line":58,"column":10},"end":{"line":58,"column":16}},{"start":{"line":58,"column":20},"end":{"line":58,"column":22}}],"line":58},"4":{"loc":{"start":{"line":64,"column":10},"end":{"line":64,"column":22}},"type":"binary-expr","locations":[{"start":{"line":64,"column":10},"end":{"line":64,"column":16}},{"start":{"line":64,"column":20},"end":{"line":64,"column":22}}],"line":64}},"s":{"0":1,"1":1,"2":1,"3":1,"4":1,"5":1,"6":1,"7":1,"8":1,"9":0,"10":1,"11":0,"12":0,"13":1},"f":{"0":1,"1":1,"2":1,"3":1,"4":0,"5":0,"6":0},"b":{"0":[1,0],"1":[1,0],"2":[1,0],"3":[0,0],"4":[0,0]},"_coverageSchema":"332fd63041d2c1bcb487cc26dd0d5f7d97098a6c","hash":"6d2a5b6851226daba03d51b35a5d6f65e8a3bc33"}
,"/home/hameetsingh/eda/new/copy of gymapp/Gym-app/server/routes/exercises.js": {"path":"/home/hameetsingh/eda/new/copy of gymapp/Gym-app/server/routes/exercises.js","statementMap":{"0":{"start":{"line":43,"column":14},"end":{"line":43,"column":32}},"1":{"start":{"line":44,"column":13},"end":{"line":44,"column":29}},"2":{"start":{"line":46,"column":13},"end":{"line":46,"column":39}},"3":{"start":{"line":48,"column":0},"end":{"line":54,"column":2}},"4":{"start":{"line":49,"column":11},"end":{"line":49,"column":28}},"5":{"start":{"line":50,"column":2},"end":{"line":53,"column":6}},"6":{"start":{"line":52,"column":6},"end":{"line":52,"column":25}},"7":{"start":{"line":56,"column":0},"end":{"line":61,"column":2}},"8":{"start":{"line":57,"column":11},"end":{"line":57,"column":28}},"9":{"start":{"line":58,"column":2},"end":{"line":60,"column":69}},"10":{"start":{"line":59,"column":22},"end":{"line":59,"column":52}},"11":{"start":{"line":60,"column":18},"end":{"line":60,"column":68}},"12":{"start":{"line":63,"column":0},"end":{"line":68,"column":2}},"13":{"start":{"line":64,"column":11},"end":{"line":64,"column":28}},"14":{"start":{"line":65,"column":2},"end":{"line":67,"column":69}},"15":{"start":{"line":66,"column":22},"end":{"line":66,"column":40}},"16":{"start":{"line":67,"column":18},"end":{"line":67,"column":68}},"17":{"start":{"line":70,"column":0},"end":{"line":78,"column":2}},"18":{"start":{"line":71,"column":2},"end":{"line":71,"column":24}},"19":{"start":{"line":72,"column":11},"end":{"line":72,"column":28}},"20":{"start":{"line":73,"column":2},"end":{"line":73,"column":29}},"21":{"start":{"line":75,"column":2},"end":{"line":77,"column":35}},"22":{"start":{"line":76,"column":25},"end":{"line":76,"column":44}},"23":{"start":{"line":77,"column":18},"end":{"line":77,"column":34}},"24":{"start":{"line":81,"column":0},"end":{"line":81,"column":23}}},"fnMap":{"0":{"name":"(anonymous_0)","decl":{"start":{"line":48,"column":16},"end":{"line":48,"column":17}},"loc":{"start":{"line":48,"column":30},"end":{"line":54,"column":1}},"line":48},"1":{"name":"(anonymous_1)","decl":{"start":{"line":51,"column":10},"end":{"line":51,"column":11}},"loc":{"start":{"line":51,"column":23},"end":{"line":53,"column":5}},"line":51},"2":{"name":"(anonymous_2)","decl":{"start":{"line":56,"column":17},"end":{"line":56,"column":18}},"loc":{"start":{"line":56,"column":31},"end":{"line":61,"column":1}},"line":56},"3":{"name":"(anonymous_3)","decl":{"start":{"line":59,"column":10},"end":{"line":59,"column":11}},"loc":{"start":{"line":59,"column":22},"end":{"line":59,"column":52}},"line":59},"4":{"name":"(anonymous_4)","decl":{"start":{"line":60,"column":11},"end":{"line":60,"column":12}},"loc":{"start":{"line":60,"column":18},"end":{"line":60,"column":68}},"line":60},"5":{"name":"(anonymous_5)","decl":{"start":{"line":63,"column":22},"end":{"line":63,"column":23}},"loc":{"start":{"line":63,"column":36},"end":{"line":68,"column":1}},"line":63},"6":{"name":"(anonymous_6)","decl":{"start":{"line":66,"column":10},"end":{"line":66,"column":11}},"loc":{"start":{"line":66,"column":22},"end":{"line":66,"column":40}},"line":66},"7":{"name":"(anonymous_7)","decl":{"start":{"line":67,"column":11},"end":{"line":67,"column":12}},"loc":{"start":{"line":67,"column":18},"end":{"line":67,"column":68}},"line":67},"8":{"name":"(anonymous_8)","decl":{"start":{"line":70,"column":19},"end":{"line":70,"column":20}},"loc":{"start":{"line":70,"column":33},"end":{"line":78,"column":1}},"line":70},"9":{"name":"(anonymous_9)","decl":{"start":{"line":76,"column":10},"end":{"line":76,"column":11}},"loc":{"start":{"line":76,"column":25},"end":{"line":76,"column":44}},"line":76},"10":{"name":"(anonymous_10)","decl":{"start":{"line":77,"column":11},"end":{"line":77,"column":12}},"loc":{"start":{"line":77,"column":18},"end":{"line":77,"column":34}},"line":77}},"branchMap":{},"s":{"0":1,"1":1,"2":1,"3":1,"4":1,"5":1,"6":1,"7":1,"8":1,"9":1,"10":1,"11":0,"12":1,"13":1,"14":1,"15":0,"16":0,"17":1,"18":1,"19":1,"20":1,"21":1,"22":1,"23":0,"24":1},"f":{"0":1,"1":1,"2":1,"3":1,"4":0,"5":1,"6":0,"7":0,"8":1,"9":1,"10":0},"b":{},"_coverageSchema":"332fd63041d2c1bcb487cc26dd0d5f7d97098a6c","hash":"cce641138be2a0004bc06654926b5eb74c1914a8"}
,"/home/hameetsingh/eda/new/copy of gymapp/Gym-app/test/client/setup-dom.js": {"path":"/home/hameetsingh/eda/new/copy of gymapp/Gym-app/test/client/setup-dom.js","statementMap":{"0":{"start":{"line":1,"column":0},"end":{"line":1,"column":25}},"1":{"start":{"line":3,"column":18},"end":{"line":3,"column":34}},"2":{"start":{"line":5,"column":12},"end":{"line":5,"column":38}},"3":{"start":{"line":7,"column":0},"end":{"line":7,"column":26}},"4":{"start":{"line":8,"column":0},"end":{"line":8,"column":37}},"5":{"start":{"line":9,"column":0},"end":{"line":9,"column":39}}},"fnMap":{},"branchMap":{},"s":{"0":2,"1":2,"2":2,"3":2,"4":2,"5":2},"f":{},"b":{},"_coverageSchema":"332fd63041d2c1bcb487cc26dd0d5f7d97098a6c","hash":"dff91c799b497883e02ad5b7af8230ecf7bb6c3e"}
,"/home/hameetsingh/eda/new/copy of gymapp/Gym-app/test/server/test-environment.js": {"path":"/home/hameetsingh/eda/new/copy of gymapp/Gym-app/test/server/test-environment.js","statementMap":{"0":{"start":{"line":1,"column":13},"end":{"line":1,"column":28}},"1":{"start":{"line":3,"column":19},"end":{"line":3,"column":49}},"2":{"start":{"line":5,"column":0},"end":{"line":22,"column":1}},"3":{"start":{"line":7,"column":19},"end":{"line":7,"column":35}},"4":{"start":{"line":12,"column":4},"end":{"line":15,"column":8}},"5":{"start":{"line":14,"column":8},"end":{"line":14,"column":28}},"6":{"start":{"line":20,"column":4},"end":{"line":20,"column":23}}},"fnMap":{"0":{"name":"(anonymous_0)","decl":{"start":{"line":7,"column":13},"end":{"line":7,"column":14}},"loc":{"start":{"line":7,"column":19},"end":{"line":7,"column":35}},"line":7},"1":{"name":"(anonymous_1)","decl":{"start":{"line":11,"column":14},"end":{"line":11,"column":15}},"loc":{"start":{"line":11,"column":22},"end":{"line":16,"column":3}},"line":11},"2":{"name":"(anonymous_2)","decl":{"start":{"line":13,"column":12},"end":{"line":13,"column":13}},"loc":{"start":{"line":13,"column":18},"end":{"line":15,"column":7}},"line":13},"3":{"name":"(anonymous_3)","decl":{"start":{"line":19,"column":11},"end":{"line":19,"column":12}},"loc":{"start":{"line":19,"column":19},"end":{"line":21,"column":3}},"line":19}},"branchMap":{},"s":{"0":1,"1":1,"2":1,"3":2,"4":2,"5":2,"6":2},"f":{"0":2,"1":2,"2":2,"3":2},"b":{},"_coverageSchema":"332fd63041d2c1bcb487cc26dd0d5f7d97098a6c","hash":"6d3c1b4ae7eb8be3a12debe19a91cf05362dfeea"}
}
