TN:
SF:/home/hameetsingh/eda/new/copy of gymapp/Gym-app/knexfile.js
FNF:0
FNH:0
DA:3,1
LF:1
LH:1
BRF:0
BRH:0
end_of_record
TN:
SF:/home/hameetsingh/eda/new/copy of gymapp/Gym-app/client/actions/exerciseActions.js
FN:1,(anonymous_0)
FN:8,(anonymous_1)
FN:15,(anonymous_2)
FN:22,(anonymous_3)
FNF:4
FNH:1
FNDA:1,(anonymous_0)
FNDA:0,(anonymous_1)
FNDA:0,(anonymous_2)
FNDA:0,(anonymous_3)
DA:1,2
DA:2,1
DA:8,2
DA:9,0
DA:15,2
DA:16,0
DA:22,2
DA:23,0
LF:8
LH:5
BRF:0
BRH:0
end_of_record
TN:
SF:/home/hameetsingh/eda/new/copy of gymapp/Gym-app/client/actions/exercises.js
FN:6,getExercises
FN:7,(anonymous_1)
FN:10,(anonymous_2)
FN:13,(anonymous_3)
FN:20,addExercise
FN:21,(anonymous_5)
FN:25,(anonymous_6)
FN:35,delExercise
FN:37,(anonymous_8)
FN:39,(anonymous_9)
FN:49,editExercise
FN:51,(anonymous_11)
FN:54,(anonymous_12)
FNF:13
FNH:2
FNDA:1,getExercises
FNDA:1,(anonymous_1)
FNDA:0,(anonymous_2)
FNDA:0,(anonymous_3)
FNDA:0,addExercise
FNDA:0,(anonymous_5)
FNDA:0,(anonymous_6)
FNDA:0,delExercise
FNDA:0,(anonymous_8)
FNDA:0,(anonymous_9)
FNDA:0,editExercise
FNDA:0,(anonymous_11)
FNDA:0,(anonymous_12)
DA:7,1
DA:8,1
DA:11,0
DA:14,0
DA:21,0
DA:22,0
DA:26,0
DA:27,0
DA:28,0
DA:30,0
DA:36,0
DA:37,0
DA:38,0
DA:40,0
DA:41,0
DA:42,0
DA:44,0
DA:51,0
DA:52,0
DA:55,0
DA:56,0
DA:57,0
DA:59,0
LF:23
LH:2
BRDA:26,0,0,0
BRDA:26,0,1,0
BRDA:40,1,0,0
BRDA:40,1,1,0
BRDA:55,2,0,0
BRDA:55,2,1,0
BRF:6
BRH:0
end_of_record
TN:
SF:/home/hameetsingh/eda/new/copy of gymapp/Gym-app/client/components/About.jsx
FN:6,(anonymous_0)
FNF:1
FNH:0
FNDA:0,(anonymous_0)
DA:7,0
LF:1
LH:0
BRF:0
BRH:0
end_of_record
TN:
SF:/home/hameetsingh/eda/new/copy of gymapp/Gym-app/client/components/App.jsx
FN:15,(anonymous_0)
FN:22,(anonymous_1)
FN:26,(anonymous_2)
FN:30,(anonymous_3)
FN:37,(anonymous_4)
FN:41,(anonymous_5)
FNF:6
FNH:0
FNDA:0,(anonymous_0)
FNDA:0,(anonymous_1)
FNDA:0,(anonymous_2)
FNDA:0,(anonymous_3)
FNDA:0,(anonymous_4)
FNDA:0,(anonymous_5)
DA:16,0
DA:17,0
DA:23,0
DA:27,0
DA:31,0
DA:37,0
DA:41,0
LF:7
LH:0
BRDA:37,0,0,0
BRDA:37,0,1,0
BRDA:38,1,0,0
BRDA:38,1,1,0
BRF:4
BRH:0
end_of_record
TN:
SF:/home/hameetsingh/eda/new/copy of gymapp/Gym-app/client/components/CreateExercise.jsx
FN:7,(anonymous_0)
FN:14,(anonymous_1)
FN:20,(anonymous_2)
FN:27,(anonymous_3)
FN:71,(anonymous_4)
FNF:5
FNH:0
FNDA:0,(anonymous_0)
FNDA:0,(anonymous_1)
FNDA:0,(anonymous_2)
FNDA:0,(anonymous_3)
FNDA:0,(anonymous_4)
DA:8,0
DA:9,0
DA:15,0
DA:16,0
DA:17,0
DA:23,0
DA:24,0
DA:29,0
DA:71,1
DA:72,0
LF:10
LH:1
BRF:0
BRH:0
end_of_record
TN:
SF:/home/hameetsingh/eda/new/copy of gymapp/Gym-app/client/components/EditExercise.jsx
FN:7,(anonymous_0)
FN:14,(anonymous_1)
FN:19,(anonymous_2)
FN:25,(anonymous_3)
FN:61,(anonymous_4)
FNF:5
FNH:0
FNDA:0,(anonymous_0)
FNDA:0,(anonymous_1)
FNDA:0,(anonymous_2)
FNDA:0,(anonymous_3)
FNDA:0,(anonymous_4)
DA:8,0
DA:9,0
DA:15,0
DA:16,0
DA:17,0
DA:20,0
DA:21,0
DA:22,0
DA:23,0
DA:26,0
DA:27,0
DA:61,1
DA:62,0
LF:13
LH:1
BRF:0
BRH:0
end_of_record
TN:
SF:/home/hameetsingh/eda/new/copy of gymapp/Gym-app/client/components/ExerciseList.jsx
FN:10,(anonymous_0)
FN:14,(anonymous_1)
FN:17,(anonymous_2)
FN:23,(anonymous_3)
FNF:4
FNH:0
FNDA:0,(anonymous_0)
FNDA:0,(anonymous_1)
FNDA:0,(anonymous_2)
FNDA:0,(anonymous_3)
DA:11,0
DA:15,0
DA:17,0
DA:23,2
DA:24,0
DA:25,0
LF:6
LH:1
BRF:0
BRH:0
end_of_record
TN:
SF:/home/hameetsingh/eda/new/copy of gymapp/Gym-app/client/components/ExercisePreview.jsx
FN:5,(anonymous_0)
FNF:1
FNH:0
FNDA:0,(anonymous_0)
DA:5,2
DA:6,0
LF:2
LH:1
BRF:0
BRH:0
end_of_record
TN:
SF:/home/hameetsingh/eda/new/copy of gymapp/Gym-app/client/components/Header.jsx
FN:32,(anonymous_0)
FNF:1
FNH:0
FNDA:0,(anonymous_0)
DA:33,0
LF:1
LH:0
BRF:0
BRH:0
end_of_record
TN:
SF:/home/hameetsingh/eda/new/copy of gymapp/Gym-app/client/components/Home.jsx
FN:7,(anonymous_0)
FNF:1
FNH:0
FNDA:0,(anonymous_0)
DA:8,0
LF:1
LH:0
BRF:0
BRH:0
end_of_record
TN:
SF:/home/hameetsingh/eda/new/copy of gymapp/Gym-app/client/components/Single.jsx
FN:11,(anonymous_0)
FN:19,(anonymous_1)
FN:22,(anonymous_2)
FN:25,(anonymous_3)
FN:57,(anonymous_4)
FN:69,(anonymous_5)
FN:72,(anonymous_6)
FNF:7
FNH:0
FNDA:0,(anonymous_0)
FNDA:0,(anonymous_1)
FNDA:0,(anonymous_2)
FNDA:0,(anonymous_3)
FNDA:0,(anonymous_4)
FNDA:0,(anonymous_5)
FNDA:0,(anonymous_6)
DA:12,0
DA:13,0
DA:14,0
DA:20,0
DA:23,0
DA:26,0
DA:27,0
DA:57,0
DA:69,1
DA:70,0
DA:71,0
DA:72,0
LF:12
LH:1
BRDA:15,0,0,0
BRDA:15,0,1,0
BRDA:30,1,0,0
BRDA:30,1,1,0
BRDA:32,2,0,0
BRDA:32,2,1,0
BRDA:60,3,0,0
BRDA:60,3,1,0
BRF:8
BRH:0
end_of_record
TN:
SF:/home/hameetsingh/eda/new/copy of gymapp/Gym-app/client/reducers/exercises.js
FN:1,exercises
FN:9,(anonymous_1)
FNF:2
FNH:1
FNDA:2,exercises
FNDA:0,(anonymous_1)
DA:2,2
DA:3,2
DA:5,1
DA:7,0
DA:9,0
DA:11,1
LF:6
LH:4
BRDA:1,0,0,2
BRDA:3,1,0,1
BRDA:3,1,1,0
BRDA:3,1,2,0
BRDA:3,1,3,1
BRF:5
BRH:3
end_of_record
TN:
SF:/home/hameetsingh/eda/new/copy of gymapp/Gym-app/migrations/20180728110832_exercises.js
FN:2,(anonymous_0)
FN:3,(anonymous_1)
FN:16,(anonymous_2)
FNF:3
FNH:2
FNDA:2,(anonymous_0)
FNDA:2,(anonymous_1)
FNDA:0,(anonymous_2)
DA:2,1
DA:3,2
DA:4,2
DA:5,2
DA:6,2
DA:7,2
DA:8,2
DA:9,2
DA:10,2
DA:11,2
DA:16,1
DA:17,0
LF:12
LH:11
BRF:0
BRH:0
end_of_record
TN:
SF:/home/hameetsingh/eda/new/copy of gymapp/Gym-app/migrations/20180802205412_plan.js
FN:2,(anonymous_0)
FN:3,(anonymous_1)
FN:10,(anonymous_2)
FNF:3
FNH:2
FNDA:2,(anonymous_0)
FNDA:2,(anonymous_1)
FNDA:0,(anonymous_2)
DA:2,1
DA:3,2
DA:4,2
DA:5,2
DA:6,2
DA:10,1
DA:11,0
LF:7
LH:6
BRF:0
BRH:0
end_of_record
TN:
SF:/home/hameetsingh/eda/new/copy of gymapp/Gym-app/seeds/exercises.js
FN:2,(anonymous_0)
FN:5,(anonymous_1)
FNF:2
FNH:2
FNDA:2,(anonymous_0)
FNDA:2,(anonymous_1)
DA:2,1
DA:4,2
DA:7,2
LF:3
LH:3
BRF:0
BRH:0
end_of_record
TN:
SF:/home/hameetsingh/eda/new/copy of gymapp/Gym-app/seeds/plan.js
FN:2,(anonymous_0)
FN:5,(anonymous_1)
FNF:2
FNH:2
FNDA:2,(anonymous_0)
FNDA:2,(anonymous_1)
DA:2,1
DA:4,2
DA:7,2
LF:3
LH:3
BRF:0
BRH:0
end_of_record
TN:
SF:/home/hameetsingh/eda/new/copy of gymapp/Gym-app/server/server.js
FNF:0
FNH:0
DA:1,1
DA:2,1
DA:3,1
DA:4,1
DA:7,1
DA:9,1
DA:11,1
DA:13,1
DA:14,1
DA:17,1
DA:19,1
LF:11
LH:11
BRF:0
BRH:0
end_of_record
TN:
SF:/home/hameetsingh/eda/new/copy of gymapp/Gym-app/server/db/connection.js
FNF:0
FNH:0
DA:1,1
DA:2,1
DA:3,1
DA:5,1
LF:4
LH:4
BRDA:1,0,0,1
BRDA:1,0,1,0
BRF:2
BRH:1
end_of_record
TN:
SF:/home/hameetsingh/eda/new/copy of gymapp/Gym-app/server/db/exercises.js
FN:41,(anonymous_0)
FN:46,(anonymous_1)
FN:52,(anonymous_2)
FN:54,(anonymous_3)
FN:57,(anonymous_4)
FN:63,(anonymous_5)
FN:67,(anonymous_6)
FNF:7
FNH:4
FNDA:1,(anonymous_0)
FNDA:1,(anonymous_1)
FNDA:1,(anonymous_2)
FNDA:1,(anonymous_3)
FNDA:0,(anonymous_4)
FNDA:0,(anonymous_5)
FNDA:0,(anonymous_6)
DA:39,1
DA:41,1
DA:42,1
DA:46,1
DA:47,1
DA:52,1
DA:53,1
DA:54,1
DA:57,1
DA:58,0
DA:63,1
DA:64,0
DA:67,0
DA:70,1
LF:14
LH:11
BRDA:42,0,0,1
BRDA:42,0,1,0
BRDA:47,1,0,1
BRDA:47,1,1,0
BRDA:53,2,0,1
BRDA:53,2,1,0
BRDA:58,3,0,0
BRDA:58,3,1,0
BRDA:64,4,0,0
BRDA:64,4,1,0
BRF:10
BRH:3
end_of_record
TN:
SF:/home/hameetsingh/eda/new/copy of gymapp/Gym-app/server/routes/exercises.js
FN:48,(anonymous_0)
FN:51,(anonymous_1)
FN:56,(anonymous_2)
FN:59,(anonymous_3)
FN:60,(anonymous_4)
FN:63,(anonymous_5)
FN:66,(anonymous_6)
FN:67,(anonymous_7)
FN:70,(anonymous_8)
FN:76,(anonymous_9)
FN:77,(anonymous_10)
FNF:11
FNH:7
FNDA:1,(anonymous_0)
FNDA:1,(anonymous_1)
FNDA:1,(anonymous_2)
FNDA:1,(anonymous_3)
FNDA:0,(anonymous_4)
FNDA:1,(anonymous_5)
FNDA:0,(anonymous_6)
FNDA:0,(anonymous_7)
FNDA:1,(anonymous_8)
FNDA:1,(anonymous_9)
FNDA:0,(anonymous_10)
DA:43,1
DA:44,1
DA:46,1
DA:48,1
DA:49,1
DA:50,1
DA:52,1
DA:56,1
DA:57,1
DA:58,1
DA:59,1
DA:60,0
DA:63,1
DA:64,1
DA:65,1
DA:66,0
DA:67,0
DA:70,1
DA:71,1
DA:72,1
DA:73,1
DA:75,1
DA:76,1
DA:77,0
DA:81,1
LF:25
LH:21
BRF:0
BRH:0
end_of_record
TN:
SF:/home/hameetsingh/eda/new/copy of gymapp/Gym-app/test/client/setup-dom.js
FNF:0
FNH:0
DA:1,2
DA:3,2
DA:5,2
DA:7,2
DA:8,2
DA:9,2
LF:6
LH:6
BRF:0
BRH:0
end_of_record
TN:
SF:/home/hameetsingh/eda/new/copy of gymapp/Gym-app/test/server/test-environment.js
FN:7,(anonymous_0)
FN:11,(anonymous_1)
FN:13,(anonymous_2)
FN:19,(anonymous_3)
FNF:4
FNH:4
FNDA:2,(anonymous_0)
FNDA:2,(anonymous_1)
FNDA:2,(anonymous_2)
FNDA:2,(anonymous_3)
DA:1,1
DA:3,1
DA:5,1
DA:7,2
DA:12,2
DA:14,2
DA:20,2
LF:7
LH:7
BRF:0
BRH:0
end_of_record
